[2024-12-27 09:12:16 INFO background-preinit] [org.hibernate.validator.internal.util.Version] HV000001: Hibernate Validator 8.0.1.Final
[2024-12-27 09:12:16 INFO main] [com.green.firstproject.FirstProjectApplication] Starting FirstProjectApplication using Java 17.0.12 with PID 5304 (D:\LJM\FirstProject\build\classes\java\main started by Administrator in D:\LJM\FirstProject)
[2024-12-27 09:12:16 DEBUGmain] [com.green.firstproject.FirstProjectApplication] Running with Spring Boot v3.3.6, Spring v6.1.15
[2024-12-27 09:12:16 INFO main] [com.green.firstproject.FirstProjectApplication] No active profile set, falling back to 1 default profile: "default"
[2024-12-27 09:12:17 INFO main] [org.springframework.boot.web.embedded.tomcat.TomcatWebServer] Tomcat initialized with port 8080 (http)
[2024-12-27 09:12:17 INFO main] [org.springframework.boot.web.servlet.context.ServletWebServerApplicationContext] Root WebApplicationContext: initialization completed in 891 ms
[2024-12-27 09:12:17 INFO main] [com.green.firstproject.common.exception.MyFileUtils] MyFileUtils - 생성자: D:/2024-02/download/FirstProject
[2024-12-27 09:12:17 INFO main] [org.springframework.boot.web.embedded.tomcat.TomcatWebServer] Tomcat started on port 8080 (http) with context path '/'
[2024-12-27 09:12:17 INFO main] [com.green.firstproject.FirstProjectApplication] Started FirstProjectApplication in 1.904 seconds (process running for 2.292)
[2024-12-27 09:12:20 INFO http-nio-8080-exec-1] [org.springframework.web.servlet.DispatcherServlet] Initializing Servlet 'dispatcherServlet'
[2024-12-27 09:12:20 INFO http-nio-8080-exec-1] [org.springframework.web.servlet.DispatcherServlet] Completed initialization in 1 ms
[2024-12-27 09:12:21 INFO http-nio-8080-exec-4] [org.springdoc.api.AbstractOpenApiResource] Init duration for springdoc-openapi is: 159 ms
[2024-12-27 09:12:59 INFO http-nio-8080-exec-10] [com.zaxxer.hikari.HikariDataSource] HikariPool-1 - Starting...
[2024-12-27 09:13:00 INFO http-nio-8080-exec-10] [com.zaxxer.hikari.pool.HikariPool] HikariPool-1 - Added connection net.sf.log4jdbc.sql.jdbcapi.ConnectionSpy@4620c68b
[2024-12-27 09:13:00 INFO http-nio-8080-exec-10] [com.zaxxer.hikari.HikariDataSource] HikariPool-1 - Start completed.
[2024-12-27 09:13:00 DEBUGhttp-nio-8080-exec-10] [com.green.firstproject.user.UserService] Service Request: UserInfoGetReq(targetUserNo=2, signedUserNo=4)
[2024-12-27 09:13:00 DEBUGhttp-nio-8080-exec-10] [com.green.firstproject.user.UserMapper.selUserInfo] ==>  Preparing: SELECT u2.email, u2.nickname, u2.status_message AS userStatusMessage, u2.profile_pic AS profilePic FROM user u1 JOIN user u2 ON u1.user_no = ? WHERE u2.user_no = ?;
[2024-12-27 09:13:00 DEBUGhttp-nio-8080-exec-10] [com.green.firstproject.user.UserMapper.selUserInfo] ==> Parameters: 4(Long), 2(Long)
[2024-12-27 09:13:00 DEBUGhttp-nio-8080-exec-10] [jdbc.sqltiming]  com.zaxxer.hikari.pool.ProxyPreparedStatement.execute(ProxyPreparedStatement.java:44)
1. SELECT
        u2.email,
        u2.nickname,
        u2.status_message AS userStatusMessage,
        u2.profile_pic AS profilePic
        FROM user u1
        JOIN user u2
        ON u1.user_no = 4
        WHERE u2.user_no = 2;
 {executed in 1 msec}
[2024-12-27 09:13:00 INFO http-nio-8080-exec-10] [jdbc.resultsettable] 
|-----------------|---------|---------------|------------|
|email            |nickname |status_message |profile_pic |
|-----------------|---------|---------------|------------|
|mini@example.com |미니       |null           |null        |
|-----------------|---------|---------------|------------|

[2024-12-27 09:13:00 DEBUGhttp-nio-8080-exec-10] [com.green.firstproject.user.UserMapper.selUserInfo] <==      Total: 1
[2024-12-27 09:13:00 DEBUGhttp-nio-8080-exec-10] [com.green.firstproject.user.UserService] User requested another user's information. signedUserNo=4, targetUserNo=2
[2024-12-27 09:13:17 DEBUGhttp-nio-8080-exec-6] [com.green.firstproject.user.UserService] Service Request: UserInfoGetReq(targetUserNo=4, signedUserNo=4)
[2024-12-27 09:13:17 DEBUGhttp-nio-8080-exec-6] [com.green.firstproject.user.UserMapper.selUserInfo] ==>  Preparing: SELECT u2.email, u2.nickname, u2.status_message AS userStatusMessage, u2.profile_pic AS profilePic FROM user u1 JOIN user u2 ON u1.user_no = ? WHERE u2.user_no = ?;
[2024-12-27 09:13:17 DEBUGhttp-nio-8080-exec-6] [com.green.firstproject.user.UserMapper.selUserInfo] ==> Parameters: 4(Long), 4(Long)
[2024-12-27 09:13:17 DEBUGhttp-nio-8080-exec-6] [jdbc.sqltiming]  com.zaxxer.hikari.pool.ProxyPreparedStatement.execute(ProxyPreparedStatement.java:44)
1. SELECT
        u2.email,
        u2.nickname,
        u2.status_message AS userStatusMessage,
        u2.profile_pic AS profilePic
        FROM user u1
        JOIN user u2
        ON u1.user_no = 4
        WHERE u2.user_no = 4;
 {executed in 0 msec}
[2024-12-27 09:13:17 INFO http-nio-8080-exec-6] [jdbc.resultsettable] 
|---------------------|---------|---------------|------------|
|email                |nickname |status_message |profile_pic |
|---------------------|---------|---------------|------------|
|princess@example.com |공주       |null           |null        |
|---------------------|---------|---------------|------------|

[2024-12-27 09:13:17 DEBUGhttp-nio-8080-exec-6] [com.green.firstproject.user.UserMapper.selUserInfo] <==      Total: 1
[2024-12-27 09:13:17 DEBUGhttp-nio-8080-exec-6] [com.green.firstproject.user.UserService] User requested their own information. signedUserNo=4, targetUserNo=4
[2024-12-27 09:18:27 INFO http-nio-8080-exec-9] [com.green.firstproject.user.UserController] Received Request: com.green.firstproject.user.model.UserSignUpReq@271ce387
[2024-12-27 09:18:27 INFO http-nio-8080-exec-9] [com.green.firstproject.user.UserService] Validating email format for email: aaa@aaaa.com
[2024-12-27 09:18:27 INFO http-nio-8080-exec-9] [com.green.firstproject.user.UserService] Validating password format for userId: aa
[2024-12-27 09:18:27 ERRORhttp-nio-8080-exec-9] [com.green.firstproject.user.UserService] Invalid password format for userId: aa
[2024-12-27 09:19:15 INFO http-nio-8080-exec-2] [com.green.firstproject.user.UserController] Received Request: com.green.firstproject.user.model.UserSignUpReq@34f6696
[2024-12-27 09:19:15 INFO http-nio-8080-exec-2] [com.green.firstproject.user.UserService] Validating email format for email: aaa@aaaa.com
[2024-12-27 09:19:15 INFO http-nio-8080-exec-2] [com.green.firstproject.user.UserService] Validating password format for userId: aa
[2024-12-27 09:19:15 DEBUGhttp-nio-8080-exec-2] [com.green.firstproject.user.UserMapper.checkDuplicates] ==>  Preparing: SELECT SUM(email = ?) AS emailCount, SUM(user_id = ?) AS userIdCount, SUM(nickname = ?) AS nicknameCount FROM user
[2024-12-27 09:19:15 DEBUGhttp-nio-8080-exec-2] [com.green.firstproject.user.UserMapper.checkDuplicates] ==> Parameters: aaa@aaaa.com(String), aa(String), (String)
[2024-12-27 09:19:15 DEBUGhttp-nio-8080-exec-2] [jdbc.sqltiming]  com.zaxxer.hikari.pool.ProxyPreparedStatement.execute(ProxyPreparedStatement.java:44)
1. SELECT
        SUM(email = 'aaa@aaaa.com') AS emailCount,
        SUM(user_id = 'aa') AS userIdCount,
        SUM(nickname = '') AS nicknameCount
        FROM user
 {executed in 2 msec}
[2024-12-27 09:19:15 INFO http-nio-8080-exec-2] [jdbc.resultsettable] 
|-----------|------------|--------------|
|emailcount |useridcount |nicknamecount |
|-----------|------------|--------------|
|0          |0           |0             |
|-----------|------------|--------------|

[2024-12-27 09:19:15 DEBUGhttp-nio-8080-exec-2] [com.green.firstproject.user.UserMapper.checkDuplicates] <==      Total: 1
[2024-12-27 09:19:15 INFO http-nio-8080-exec-2] [com.green.firstproject.user.UserService] Generated default nickname for userId aa: 귀여운토끼
[2024-12-27 09:19:15 DEBUGhttp-nio-8080-exec-2] [com.green.firstproject.user.UserMapper.insertUser] ==>  Preparing: INSERT INTO user (email, user_id, password, nickname) VALUES (?, ?, ?, ?)
[2024-12-27 09:19:15 DEBUGhttp-nio-8080-exec-2] [com.green.firstproject.user.UserMapper.insertUser] ==> Parameters: aaa@aaaa.com(String), aa(String), 1Q2w3e4r!(String), 귀여운토끼(String)
[2024-12-27 09:19:15 DEBUGhttp-nio-8080-exec-2] [jdbc.sqltiming]  com.zaxxer.hikari.pool.ProxyPreparedStatement.execute(ProxyPreparedStatement.java:44)
1. INSERT INTO user (email, user_id, password, nickname)
        VALUES ('aaa@aaaa.com', 'aa', '1Q2w3e4r!', '귀여운토끼')
 {executed in 3 msec}
[2024-12-27 09:19:15 DEBUGhttp-nio-8080-exec-2] [com.green.firstproject.user.UserMapper.insertUser] <==    Updates: 1
[2024-12-27 09:19:15 INFO http-nio-8080-exec-2] [com.green.firstproject.user.UserService] UserSignUp successful for userId: aa
[2024-12-27 09:39:37 INFO SpringApplicationShutdownHook] [com.zaxxer.hikari.HikariDataSource] HikariPool-1 - Shutdown initiated...
[2024-12-27 09:39:37 INFO SpringApplicationShutdownHook] [com.zaxxer.hikari.HikariDataSource] HikariPool-1 - Shutdown completed.
[2024-12-27 09:39:39 INFO background-preinit] [org.hibernate.validator.internal.util.Version] HV000001: Hibernate Validator 8.0.1.Final
[2024-12-27 09:39:39 INFO main] [com.green.firstproject.FirstProjectApplication] Starting FirstProjectApplication using Java 17.0.12 with PID 4224 (D:\LJM\FirstProject\build\classes\java\main started by Administrator in D:\LJM\FirstProject)
[2024-12-27 09:39:39 DEBUGmain] [com.green.firstproject.FirstProjectApplication] Running with Spring Boot v3.3.6, Spring v6.1.15
[2024-12-27 09:39:39 INFO main] [com.green.firstproject.FirstProjectApplication] No active profile set, falling back to 1 default profile: "default"
[2024-12-27 09:39:40 INFO main] [org.springframework.boot.web.embedded.tomcat.TomcatWebServer] Tomcat initialized with port 8080 (http)
[2024-12-27 09:39:40 INFO main] [org.springframework.boot.web.servlet.context.ServletWebServerApplicationContext] Root WebApplicationContext: initialization completed in 760 ms
[2024-12-27 09:39:40 INFO main] [com.green.firstproject.common.exception.MyFileUtils] MyFileUtils - 생성자: D:/2024-02/download/FirstProject
[2024-12-27 09:39:40 INFO main] [org.springframework.boot.web.embedded.tomcat.TomcatWebServer] Tomcat started on port 8080 (http) with context path '/'
[2024-12-27 09:39:40 INFO main] [com.green.firstproject.FirstProjectApplication] Started FirstProjectApplication in 1.648 seconds (process running for 1.967)
[2024-12-27 09:40:47 INFO http-nio-8080-exec-1] [org.springframework.web.servlet.DispatcherServlet] Initializing Servlet 'dispatcherServlet'
[2024-12-27 09:40:47 INFO http-nio-8080-exec-1] [org.springframework.web.servlet.DispatcherServlet] Completed initialization in 1 ms
[2024-12-27 09:40:47 INFO http-nio-8080-exec-1] [com.green.firstproject.user.UserController] Received Request: com.green.firstproject.user.model.UserSignUpReq@4b5067b8
[2024-12-27 09:40:47 INFO http-nio-8080-exec-1] [com.green.firstproject.user.UserService] Validating email format for email: lovely@naver.com
[2024-12-27 09:40:47 INFO http-nio-8080-exec-1] [com.green.firstproject.user.UserService] Validating password format for userId: lovely
[2024-12-27 09:40:47 INFO http-nio-8080-exec-1] [com.zaxxer.hikari.HikariDataSource] HikariPool-1 - Starting...
[2024-12-27 09:40:47 INFO http-nio-8080-exec-1] [com.zaxxer.hikari.pool.HikariPool] HikariPool-1 - Added connection net.sf.log4jdbc.sql.jdbcapi.ConnectionSpy@793abd71
[2024-12-27 09:40:47 INFO http-nio-8080-exec-1] [com.zaxxer.hikari.HikariDataSource] HikariPool-1 - Start completed.
[2024-12-27 09:40:47 DEBUGhttp-nio-8080-exec-1] [com.green.firstproject.user.UserMapper.checkDuplicates] ==>  Preparing: SELECT SUM(email = ?) AS emailCount, SUM(user_id = ?) AS userIdCount, SUM(nickname = ?) AS nicknameCount FROM user
[2024-12-27 09:40:47 DEBUGhttp-nio-8080-exec-1] [com.green.firstproject.user.UserMapper.checkDuplicates] ==> Parameters: lovely@naver.com(String), lovely(String), (String)
[2024-12-27 09:40:47 DEBUGhttp-nio-8080-exec-1] [jdbc.sqltiming]  com.zaxxer.hikari.pool.ProxyPreparedStatement.execute(ProxyPreparedStatement.java:44)
1. SELECT
        SUM(email = 'lovely@naver.com') AS emailCount,
        SUM(user_id = 'lovely') AS userIdCount,
        SUM(nickname = '') AS nicknameCount
        FROM user
 {executed in 0 msec}
[2024-12-27 09:40:47 INFO http-nio-8080-exec-1] [jdbc.resultsettable] 
|-----------|------------|--------------|
|emailcount |useridcount |nicknamecount |
|-----------|------------|--------------|
|0          |0           |0             |
|-----------|------------|--------------|

[2024-12-27 09:40:47 DEBUGhttp-nio-8080-exec-1] [com.green.firstproject.user.UserMapper.checkDuplicates] <==      Total: 1
[2024-12-27 09:40:47 INFO http-nio-8080-exec-1] [com.green.firstproject.user.UserService] Generated default nickname for userId lovely: 소중한알파카
[2024-12-27 09:40:47 DEBUGhttp-nio-8080-exec-1] [com.green.firstproject.user.UserMapper.insertUser] ==>  Preparing: INSERT INTO user (email, user_id, password, nickname) VALUES (?, ?, ?, ?)
[2024-12-27 09:40:47 DEBUGhttp-nio-8080-exec-1] [com.green.firstproject.user.UserMapper.insertUser] ==> Parameters: lovely@naver.com(String), lovely(String), Love0426!(String), 소중한알파카(String)
[2024-12-27 09:40:47 DEBUGhttp-nio-8080-exec-1] [jdbc.sqltiming]  com.zaxxer.hikari.pool.ProxyPreparedStatement.execute(ProxyPreparedStatement.java:44)
1. INSERT INTO user (email, user_id, password, nickname)
        VALUES ('lovely@naver.com', 'lovely', 'Love0426!', '소중한알파카')
 {executed in 3 msec}
[2024-12-27 09:40:47 DEBUGhttp-nio-8080-exec-1] [com.green.firstproject.user.UserMapper.insertUser] <==    Updates: 1
[2024-12-27 09:40:47 INFO http-nio-8080-exec-1] [com.green.firstproject.user.UserService] UserSignUp successful for userId: lovely
[2024-12-27 09:49:42 INFO SpringApplicationShutdownHook] [com.zaxxer.hikari.HikariDataSource] HikariPool-1 - Shutdown initiated...
[2024-12-27 09:49:42 INFO SpringApplicationShutdownHook] [com.zaxxer.hikari.HikariDataSource] HikariPool-1 - Shutdown completed.
[2024-12-27 09:49:44 INFO background-preinit] [org.hibernate.validator.internal.util.Version] HV000001: Hibernate Validator 8.0.1.Final
[2024-12-27 09:49:44 INFO main] [com.green.firstproject.FirstProjectApplication] Starting FirstProjectApplication using Java 17.0.12 with PID 2216 (D:\LJM\FirstProject\build\classes\java\main started by Administrator in D:\LJM\FirstProject)
[2024-12-27 09:49:44 DEBUGmain] [com.green.firstproject.FirstProjectApplication] Running with Spring Boot v3.3.6, Spring v6.1.15
[2024-12-27 09:49:44 INFO main] [com.green.firstproject.FirstProjectApplication] No active profile set, falling back to 1 default profile: "default"
[2024-12-27 09:49:45 INFO main] [org.springframework.boot.web.embedded.tomcat.TomcatWebServer] Tomcat initialized with port 8080 (http)
[2024-12-27 09:49:45 INFO main] [org.springframework.boot.web.servlet.context.ServletWebServerApplicationContext] Root WebApplicationContext: initialization completed in 871 ms
[2024-12-27 09:49:45 INFO main] [com.green.firstproject.common.exception.MyFileUtils] MyFileUtils - 생성자: D:/2024-02/download/FirstProject
[2024-12-27 09:49:45 INFO main] [org.springframework.boot.web.embedded.tomcat.TomcatWebServer] Tomcat started on port 8080 (http) with context path '/'
[2024-12-27 09:49:45 INFO main] [com.green.firstproject.FirstProjectApplication] Started FirstProjectApplication in 1.883 seconds (process running for 2.225)
[2024-12-27 09:50:04 INFO http-nio-8080-exec-1] [org.springframework.web.servlet.DispatcherServlet] Initializing Servlet 'dispatcherServlet'
[2024-12-27 09:50:04 INFO http-nio-8080-exec-1] [org.springframework.web.servlet.DispatcherServlet] Completed initialization in 0 ms
[2024-12-27 09:50:05 INFO http-nio-8080-exec-1] [com.green.firstproject.user.UserController] Received Request: com.green.firstproject.user.model.UserSignUpReq@3f3571d3
[2024-12-27 09:50:05 INFO http-nio-8080-exec-1] [com.green.firstproject.user.UserService] Validating email format for email: lovely@naver.com
[2024-12-27 09:50:05 INFO http-nio-8080-exec-1] [com.green.firstproject.user.UserService] Validating password format for userId: lovely
[2024-12-27 09:50:05 INFO http-nio-8080-exec-1] [com.zaxxer.hikari.HikariDataSource] HikariPool-1 - Starting...
[2024-12-27 09:50:05 INFO http-nio-8080-exec-1] [com.zaxxer.hikari.pool.HikariPool] HikariPool-1 - Added connection net.sf.log4jdbc.sql.jdbcapi.ConnectionSpy@331a1ed
[2024-12-27 09:50:05 INFO http-nio-8080-exec-1] [com.zaxxer.hikari.HikariDataSource] HikariPool-1 - Start completed.
[2024-12-27 09:50:05 DEBUGhttp-nio-8080-exec-1] [com.green.firstproject.user.UserMapper.checkDuplicates] ==>  Preparing: SELECT SUM(email = ?) AS emailCount, SUM(user_id = ?) AS userIdCount, SUM(nickname = ?) AS nicknameCount FROM user
[2024-12-27 09:50:05 DEBUGhttp-nio-8080-exec-1] [com.green.firstproject.user.UserMapper.checkDuplicates] ==> Parameters: lovely@naver.com(String), lovely(String), (String)
[2024-12-27 09:50:05 DEBUGhttp-nio-8080-exec-1] [jdbc.sqltiming]  com.zaxxer.hikari.pool.ProxyPreparedStatement.execute(ProxyPreparedStatement.java:44)
1. SELECT
        SUM(email = 'lovely@naver.com') AS emailCount,
        SUM(user_id = 'lovely') AS userIdCount,
        SUM(nickname = '') AS nicknameCount
        FROM user
 {executed in 0 msec}
[2024-12-27 09:50:05 INFO http-nio-8080-exec-1] [jdbc.resultsettable] 
|-----------|------------|--------------|
|emailcount |useridcount |nicknamecount |
|-----------|------------|--------------|
|0          |0           |0             |
|-----------|------------|--------------|

[2024-12-27 09:50:05 DEBUGhttp-nio-8080-exec-1] [com.green.firstproject.user.UserMapper.checkDuplicates] <==      Total: 1
[2024-12-27 09:50:05 INFO http-nio-8080-exec-1] [com.green.firstproject.user.UserService] Generated default nickname for userId lovely: 인사하는앵무새
[2024-12-27 09:50:05 DEBUGhttp-nio-8080-exec-1] [com.green.firstproject.user.UserMapper.insertUser] ==>  Preparing: INSERT INTO user (email, user_id, password, nickname) VALUES (?, ?, ?, ?)
[2024-12-27 09:50:05 DEBUGhttp-nio-8080-exec-1] [com.green.firstproject.user.UserMapper.insertUser] ==> Parameters: lovely@naver.com(String), lovely(String), $2a$10$chTZdXyVs3DT057ir9L3MuHl27M4KuFrgCaxMHU9yuF.41EduDETe(String), 인사하는앵무새(String)
[2024-12-27 09:50:05 DEBUGhttp-nio-8080-exec-1] [jdbc.sqltiming]  com.zaxxer.hikari.pool.ProxyPreparedStatement.execute(ProxyPreparedStatement.java:44)
1. INSERT INTO user (email, user_id, password, nickname)
        VALUES ('lovely@naver.com', 'lovely', '$2a$10$chTZdXyVs3DT057ir9L3MuHl27M4KuFrgCaxMHU9yuF.41EduDETe', '인사하는앵무새')
 {executed in 1 msec}
[2024-12-27 09:50:05 DEBUGhttp-nio-8080-exec-1] [com.green.firstproject.user.UserMapper.insertUser] <==    Updates: 1
[2024-12-27 09:50:05 INFO http-nio-8080-exec-1] [com.green.firstproject.user.UserService] UserSignUp successful for userId: lovely
[2024-12-27 10:16:34 INFO SpringApplicationShutdownHook] [com.zaxxer.hikari.HikariDataSource] HikariPool-1 - Shutdown initiated...
[2024-12-27 10:16:34 INFO SpringApplicationShutdownHook] [com.zaxxer.hikari.HikariDataSource] HikariPool-1 - Shutdown completed.
[2024-12-27 13:48:50 INFO background-preinit] [org.hibernate.validator.internal.util.Version] HV000001: Hibernate Validator 8.0.1.Final
[2024-12-27 13:48:50 INFO main] [com.green.firstproject.FirstProjectApplication] Starting FirstProjectApplication using Java 17.0.12 with PID 10268 (D:\LJM\FirstProject\build\classes\java\main started by Administrator in D:\LJM\FirstProject)
[2024-12-27 13:48:50 DEBUGmain] [com.green.firstproject.FirstProjectApplication] Running with Spring Boot v3.3.6, Spring v6.1.15
[2024-12-27 13:48:50 INFO main] [com.green.firstproject.FirstProjectApplication] No active profile set, falling back to 1 default profile: "default"
[2024-12-27 13:48:51 INFO main] [org.springframework.boot.web.embedded.tomcat.TomcatWebServer] Tomcat initialized with port 8080 (http)
[2024-12-27 13:48:51 INFO main] [org.springframework.boot.web.servlet.context.ServletWebServerApplicationContext] Root WebApplicationContext: initialization completed in 766 ms
[2024-12-27 13:48:51 INFO main] [com.green.firstproject.common.exception.MyFileUtils] MyFileUtils - 생성자: D:/2024-02/download/FirstProject
[2024-12-27 13:48:52 INFO main] [org.springframework.boot.web.embedded.tomcat.TomcatWebServer] Tomcat started on port 8080 (http) with context path '/'
[2024-12-27 13:48:52 INFO main] [com.green.firstproject.FirstProjectApplication] Started FirstProjectApplication in 1.647 seconds (process running for 1.973)
[2024-12-27 13:48:52 INFO http-nio-8080-exec-1] [org.springframework.web.servlet.DispatcherServlet] Initializing Servlet 'dispatcherServlet'
[2024-12-27 13:48:52 INFO http-nio-8080-exec-1] [org.springframework.web.servlet.DispatcherServlet] Completed initialization in 1 ms
[2024-12-27 13:48:52 INFO http-nio-8080-exec-6] [org.springdoc.api.AbstractOpenApiResource] Init duration for springdoc-openapi is: 151 ms
[2024-12-27 13:49:36 INFO http-nio-8080-exec-4] [com.green.firstproject.user.UserController] Received Request: com.green.firstproject.user.model.UserSignUpReq@5dcd80f1
[2024-12-27 13:49:36 INFO http-nio-8080-exec-4] [com.green.firstproject.user.UserService] Validating email format for email: minmin0426@naver.com
[2024-12-27 13:49:36 INFO http-nio-8080-exec-4] [com.green.firstproject.user.UserService] Validating password format for userId: 쩡미니미니
[2024-12-27 13:49:36 INFO http-nio-8080-exec-4] [com.zaxxer.hikari.HikariDataSource] HikariPool-1 - Starting...
[2024-12-27 13:49:36 INFO http-nio-8080-exec-4] [com.zaxxer.hikari.pool.HikariPool] HikariPool-1 - Added connection net.sf.log4jdbc.sql.jdbcapi.ConnectionSpy@af7d15a
[2024-12-27 13:49:36 INFO http-nio-8080-exec-4] [com.zaxxer.hikari.HikariDataSource] HikariPool-1 - Start completed.
[2024-12-27 13:49:36 DEBUGhttp-nio-8080-exec-4] [com.green.firstproject.user.UserMapper.checkDuplicates] ==>  Preparing: SELECT SUM(email = ?) AS emailCount, SUM(user_id = ?) AS userIdCount, SUM(nickname = ?) AS nicknameCount FROM user
[2024-12-27 13:49:36 DEBUGhttp-nio-8080-exec-4] [com.green.firstproject.user.UserMapper.checkDuplicates] ==> Parameters: minmin0426@naver.com(String), 쩡미니미니(String), (String)
[2024-12-27 13:49:36 DEBUGhttp-nio-8080-exec-4] [jdbc.sqltiming]  com.zaxxer.hikari.pool.ProxyPreparedStatement.execute(ProxyPreparedStatement.java:44)
1. SELECT
        SUM(email = 'minmin0426@naver.com') AS emailCount,
        SUM(user_id = '쩡미니미니') AS userIdCount,
        SUM(nickname = '') AS nicknameCount
        FROM user
 {executed in 1 msec}
[2024-12-27 13:49:36 INFO http-nio-8080-exec-4] [jdbc.resultsettable] 
|-----------|------------|--------------|
|emailcount |useridcount |nicknamecount |
|-----------|------------|--------------|
|0          |0           |0             |
|-----------|------------|--------------|

[2024-12-27 13:49:36 DEBUGhttp-nio-8080-exec-4] [com.green.firstproject.user.UserMapper.checkDuplicates] <==      Total: 1
[2024-12-27 13:49:56 INFO http-nio-8080-exec-10] [com.green.firstproject.user.UserController] Received Request: com.green.firstproject.user.model.UserSignUpReq@bb44134
[2024-12-27 13:49:56 INFO http-nio-8080-exec-10] [com.green.firstproject.user.UserService] Validating email format for email: minmin0426@naver.com
[2024-12-27 13:49:56 INFO http-nio-8080-exec-10] [com.green.firstproject.user.UserService] Validating password format for userId: 쩡미니미니
[2024-12-27 13:49:56 DEBUGhttp-nio-8080-exec-10] [com.green.firstproject.user.UserMapper.checkDuplicates] ==>  Preparing: SELECT SUM(email = ?) AS emailCount, SUM(user_id = ?) AS userIdCount, SUM(nickname = ?) AS nicknameCount FROM user
[2024-12-27 13:49:56 DEBUGhttp-nio-8080-exec-10] [com.green.firstproject.user.UserMapper.checkDuplicates] ==> Parameters: minmin0426@naver.com(String), 쩡미니미니(String), (String)
[2024-12-27 13:49:56 DEBUGhttp-nio-8080-exec-10] [jdbc.sqltiming]  com.zaxxer.hikari.pool.ProxyPreparedStatement.execute(ProxyPreparedStatement.java:44)
1. SELECT
        SUM(email = 'minmin0426@naver.com') AS emailCount,
        SUM(user_id = '쩡미니미니') AS userIdCount,
        SUM(nickname = '') AS nicknameCount
        FROM user
 {executed in 1 msec}
[2024-12-27 13:49:56 INFO http-nio-8080-exec-10] [jdbc.resultsettable] 
|-----------|------------|--------------|
|emailcount |useridcount |nicknamecount |
|-----------|------------|--------------|
|0          |0           |0             |
|-----------|------------|--------------|

[2024-12-27 13:49:56 DEBUGhttp-nio-8080-exec-10] [com.green.firstproject.user.UserMapper.checkDuplicates] <==      Total: 1
[2024-12-27 13:49:56 DEBUGhttp-nio-8080-exec-10] [com.green.firstproject.user.UserMapper.insertUser] ==>  Preparing: INSERT INTO user (email, user_id, password, nickname) VALUES (?, ?, ?, ?)
[2024-12-27 13:49:56 DEBUGhttp-nio-8080-exec-10] [com.green.firstproject.user.UserMapper.insertUser] ==> Parameters: minmin0426@naver.com(String), 쩡미니미니(String), $2a$10$L4N4yvFX2Se6FQ5BBLugB.Tj6CR6BCUEZH9IfT4YAzdZ/NIdYLgAS(String), 인사하는물범#9092(String)
[2024-12-27 13:49:56 DEBUGhttp-nio-8080-exec-10] [jdbc.sqltiming]  com.zaxxer.hikari.pool.ProxyPreparedStatement.execute(ProxyPreparedStatement.java:44)
1. INSERT INTO user (email, user_id, password, nickname)
        VALUES ('minmin0426@naver.com', '쩡미니미니', '$2a$10$L4N4yvFX2Se6FQ5BBLugB.Tj6CR6BCUEZH9IfT4YAzdZ/NIdYLgAS', '인사하는물범#9092')
 {executed in 2 msec}
[2024-12-27 13:49:56 DEBUGhttp-nio-8080-exec-10] [com.green.firstproject.user.UserMapper.insertUser] <==    Updates: 1
[2024-12-27 13:50:25 INFO http-nio-8080-exec-1] [com.green.firstproject.user.UserController] Received Request: com.green.firstproject.user.model.UserSignUpReq@14907cda
[2024-12-27 13:50:25 INFO http-nio-8080-exec-1] [com.green.firstproject.user.UserService] Validating email format for email: minmin0426@naver.com
[2024-12-27 13:50:25 INFO http-nio-8080-exec-1] [com.green.firstproject.user.UserService] Validating password format for userId: 쩡미니미니
[2024-12-27 13:50:25 DEBUGhttp-nio-8080-exec-1] [com.green.firstproject.user.UserMapper.checkDuplicates] ==>  Preparing: SELECT SUM(email = ?) AS emailCount, SUM(user_id = ?) AS userIdCount, SUM(nickname = ?) AS nicknameCount FROM user
[2024-12-27 13:50:25 DEBUGhttp-nio-8080-exec-1] [com.green.firstproject.user.UserMapper.checkDuplicates] ==> Parameters: minmin0426@naver.com(String), 쩡미니미니(String), (String)
[2024-12-27 13:50:25 DEBUGhttp-nio-8080-exec-1] [jdbc.sqltiming]  com.zaxxer.hikari.pool.ProxyPreparedStatement.execute(ProxyPreparedStatement.java:44)
1. SELECT
        SUM(email = 'minmin0426@naver.com') AS emailCount,
        SUM(user_id = '쩡미니미니') AS userIdCount,
        SUM(nickname = '') AS nicknameCount
        FROM user
 {executed in 1 msec}
[2024-12-27 13:50:25 INFO http-nio-8080-exec-1] [jdbc.resultsettable] 
|-----------|------------|--------------|
|emailcount |useridcount |nicknamecount |
|-----------|------------|--------------|
|0          |0           |0             |
|-----------|------------|--------------|

[2024-12-27 13:50:25 DEBUGhttp-nio-8080-exec-1] [com.green.firstproject.user.UserMapper.checkDuplicates] <==      Total: 1
[2024-12-27 13:50:25 DEBUGhttp-nio-8080-exec-1] [com.green.firstproject.user.UserMapper.insertUser] ==>  Preparing: INSERT INTO user (email, user_id, password, nickname) VALUES (?, ?, ?, ?)
[2024-12-27 13:50:25 DEBUGhttp-nio-8080-exec-1] [com.green.firstproject.user.UserMapper.insertUser] ==> Parameters: minmin0426@naver.com(String), 쩡미니미니(String), $2a$10$65lvFu4Ao0YzIpau1/0CYuVOwY6c/pQqwMG3.kgZihe2s91KF/.GK(String), 사랑스러운펭귄#8517(String)
[2024-12-27 13:50:25 DEBUGhttp-nio-8080-exec-1] [jdbc.sqltiming]  com.zaxxer.hikari.pool.ProxyPreparedStatement.execute(ProxyPreparedStatement.java:44)
1. INSERT INTO user (email, user_id, password, nickname)
        VALUES ('minmin0426@naver.com', '쩡미니미니', '$2a$10$65lvFu4Ao0YzIpau1/0CYuVOwY6c/pQqwMG3.kgZihe2s91KF/.GK', '사랑스러운펭귄#8517')
 {executed in 1 msec}
[2024-12-27 13:50:25 DEBUGhttp-nio-8080-exec-1] [com.green.firstproject.user.UserMapper.insertUser] <==    Updates: 1
[2024-12-27 15:57:54 INFO SpringApplicationShutdownHook] [com.zaxxer.hikari.HikariDataSource] HikariPool-1 - Shutdown initiated...
[2024-12-27 15:57:54 INFO SpringApplicationShutdownHook] [com.zaxxer.hikari.HikariDataSource] HikariPool-1 - Shutdown completed.
[2024-12-27 15:57:57 INFO background-preinit] [org.hibernate.validator.internal.util.Version] HV000001: Hibernate Validator 8.0.1.Final
[2024-12-27 15:57:57 INFO main] [com.green.firstproject.FirstProjectApplication] Starting FirstProjectApplication using Java 17.0.12 with PID 3820 (D:\LJM\FirstProject\build\classes\java\main started by Administrator in D:\LJM\FirstProject)
[2024-12-27 15:57:57 DEBUGmain] [com.green.firstproject.FirstProjectApplication] Running with Spring Boot v3.3.6, Spring v6.1.15
[2024-12-27 15:57:57 INFO main] [com.green.firstproject.FirstProjectApplication] No active profile set, falling back to 1 default profile: "default"
[2024-12-27 15:57:58 INFO main] [org.springframework.boot.web.embedded.tomcat.TomcatWebServer] Tomcat initialized with port 8080 (http)
[2024-12-27 15:57:58 INFO main] [org.springframework.boot.web.servlet.context.ServletWebServerApplicationContext] Root WebApplicationContext: initialization completed in 738 ms
[2024-12-27 15:57:58 INFO main] [com.green.firstproject.common.exception.MyFileUtils] MyFileUtils - 생성자: D:/2024-02/download/FirstProject
[2024-12-27 15:57:58 INFO main] [org.springframework.boot.web.embedded.tomcat.TomcatWebServer] Tomcat started on port 8080 (http) with context path '/'
[2024-12-27 15:57:58 INFO main] [com.green.firstproject.FirstProjectApplication] Started FirstProjectApplication in 1.618 seconds (process running for 1.944)
[2024-12-27 15:58:13 INFO http-nio-8080-exec-1] [org.springframework.web.servlet.DispatcherServlet] Initializing Servlet 'dispatcherServlet'
[2024-12-27 15:58:13 INFO http-nio-8080-exec-1] [org.springframework.web.servlet.DispatcherServlet] Completed initialization in 0 ms
[2024-12-27 15:58:13 INFO http-nio-8080-exec-9] [org.springdoc.api.AbstractOpenApiResource] Init duration for springdoc-openapi is: 138 ms
[2024-12-27 15:58:31 ERRORhttp-nio-8080-exec-5] [org.apache.catalina.core.ContainerBase.[Tomcat].[localhost].[/].[dispatcherServlet]] Servlet.service() for servlet [dispatcherServlet] in context with path [] threw exception [Request processing failed: org.apache.ibatis.binding.BindingException: Invalid bound statement (not found): com.green.firstproject.user.UserMapper.findUserByEmail] with root cause
org.apache.ibatis.binding.BindingException: Invalid bound statement (not found): com.green.firstproject.user.UserMapper.findUserByEmail
	at org.apache.ibatis.binding.MapperMethod$SqlCommand.<init>(MapperMethod.java:229)
	at org.apache.ibatis.binding.MapperMethod.<init>(MapperMethod.java:53)
	at org.apache.ibatis.binding.MapperProxy.lambda$cachedInvoker$0(MapperProxy.java:96)
	at java.base/java.util.concurrent.ConcurrentHashMap.computeIfAbsent(ConcurrentHashMap.java:1708)
	at org.apache.ibatis.util.MapUtil.computeIfAbsent(MapUtil.java:36)
	at org.apache.ibatis.binding.MapperProxy.cachedInvoker(MapperProxy.java:94)
	at org.apache.ibatis.binding.MapperProxy.invoke(MapperProxy.java:86)
	at jdk.proxy2/jdk.proxy2.$Proxy82.findUserByEmail(Unknown Source)
	at com.green.firstproject.user.UserService.updatePassword(UserService.java:166)
	at java.base/jdk.internal.reflect.NativeMethodAccessorImpl.invoke0(Native Method)
	at java.base/jdk.internal.reflect.NativeMethodAccessorImpl.invoke(NativeMethodAccessorImpl.java:77)
	at java.base/jdk.internal.reflect.DelegatingMethodAccessorImpl.invoke(DelegatingMethodAccessorImpl.java:43)
	at java.base/java.lang.reflect.Method.invoke(Method.java:569)
	at org.springframework.aop.support.AopUtils.invokeJoinpointUsingReflection(AopUtils.java:355)
	at org.springframework.aop.framework.CglibAopProxy$DynamicAdvisedInterceptor.intercept(CglibAopProxy.java:716)
	at com.green.firstproject.user.UserService$$SpringCGLIB$$0.updatePassword(<generated>)
	at com.green.firstproject.user.UserController.updatePassword(UserController.java:47)
	at java.base/jdk.internal.reflect.NativeMethodAccessorImpl.invoke0(Native Method)
	at java.base/jdk.internal.reflect.NativeMethodAccessorImpl.invoke(NativeMethodAccessorImpl.java:77)
	at java.base/jdk.internal.reflect.DelegatingMethodAccessorImpl.invoke(DelegatingMethodAccessorImpl.java:43)
	at java.base/java.lang.reflect.Method.invoke(Method.java:569)
	at org.springframework.web.method.support.InvocableHandlerMethod.doInvoke(InvocableHandlerMethod.java:255)
	at org.springframework.web.method.support.InvocableHandlerMethod.invokeForRequest(InvocableHandlerMethod.java:188)
	at org.springframework.web.servlet.mvc.method.annotation.ServletInvocableHandlerMethod.invokeAndHandle(ServletInvocableHandlerMethod.java:118)
	at org.springframework.web.servlet.mvc.method.annotation.RequestMappingHandlerAdapter.invokeHandlerMethod(RequestMappingHandlerAdapter.java:926)
	at org.springframework.web.servlet.mvc.method.annotation.RequestMappingHandlerAdapter.handleInternal(RequestMappingHandlerAdapter.java:831)
	at org.springframework.web.servlet.mvc.method.AbstractHandlerMethodAdapter.handle(AbstractHandlerMethodAdapter.java:87)
	at org.springframework.web.servlet.DispatcherServlet.doDispatch(DispatcherServlet.java:1089)
	at org.springframework.web.servlet.DispatcherServlet.doService(DispatcherServlet.java:979)
	at org.springframework.web.servlet.FrameworkServlet.processRequest(FrameworkServlet.java:1014)
	at org.springframework.web.servlet.FrameworkServlet.doPost(FrameworkServlet.java:914)
	at jakarta.servlet.http.HttpServlet.service(HttpServlet.java:590)
	at org.springframework.web.servlet.FrameworkServlet.service(FrameworkServlet.java:885)
	at jakarta.servlet.http.HttpServlet.service(HttpServlet.java:658)
	at org.apache.catalina.core.ApplicationFilterChain.internalDoFilter(ApplicationFilterChain.java:195)
	at org.apache.catalina.core.ApplicationFilterChain.doFilter(ApplicationFilterChain.java:140)
	at org.apache.tomcat.websocket.server.WsFilter.doFilter(WsFilter.java:51)
	at org.apache.catalina.core.ApplicationFilterChain.internalDoFilter(ApplicationFilterChain.java:164)
	at org.apache.catalina.core.ApplicationFilterChain.doFilter(ApplicationFilterChain.java:140)
	at org.springframework.web.filter.RequestContextFilter.doFilterInternal(RequestContextFilter.java:100)
	at org.springframework.web.filter.OncePerRequestFilter.doFilter(OncePerRequestFilter.java:116)
	at org.apache.catalina.core.ApplicationFilterChain.internalDoFilter(ApplicationFilterChain.java:164)
	at org.apache.catalina.core.ApplicationFilterChain.doFilter(ApplicationFilterChain.java:140)
	at org.springframework.web.filter.FormContentFilter.doFilterInternal(FormContentFilter.java:93)
	at org.springframework.web.filter.OncePerRequestFilter.doFilter(OncePerRequestFilter.java:116)
	at org.apache.catalina.core.ApplicationFilterChain.internalDoFilter(ApplicationFilterChain.java:164)
	at org.apache.catalina.core.ApplicationFilterChain.doFilter(ApplicationFilterChain.java:140)
	at org.springframework.web.filter.CharacterEncodingFilter.doFilterInternal(CharacterEncodingFilter.java:201)
	at org.springframework.web.filter.OncePerRequestFilter.doFilter(OncePerRequestFilter.java:116)
	at org.apache.catalina.core.ApplicationFilterChain.internalDoFilter(ApplicationFilterChain.java:164)
	at org.apache.catalina.core.ApplicationFilterChain.doFilter(ApplicationFilterChain.java:140)
	at org.apache.catalina.core.StandardWrapperValve.invoke(StandardWrapperValve.java:167)
	at org.apache.catalina.core.StandardContextValve.invoke(StandardContextValve.java:90)
	at org.apache.catalina.authenticator.AuthenticatorBase.invoke(AuthenticatorBase.java:483)
	at org.apache.catalina.core.StandardHostValve.invoke(StandardHostValve.java:115)
	at org.apache.catalina.valves.ErrorReportValve.invoke(ErrorReportValve.java:93)
	at org.apache.catalina.core.StandardEngineValve.invoke(StandardEngineValve.java:74)
	at org.apache.catalina.connector.CoyoteAdapter.service(CoyoteAdapter.java:344)
	at org.apache.coyote.http11.Http11Processor.service(Http11Processor.java:397)
	at org.apache.coyote.AbstractProcessorLight.process(AbstractProcessorLight.java:63)
	at org.apache.coyote.AbstractProtocol$ConnectionHandler.process(AbstractProtocol.java:905)
	at org.apache.tomcat.util.net.NioEndpoint$SocketProcessor.doRun(NioEndpoint.java:1741)
	at org.apache.tomcat.util.net.SocketProcessorBase.run(SocketProcessorBase.java:52)
	at org.apache.tomcat.util.threads.ThreadPoolExecutor.runWorker(ThreadPoolExecutor.java:1190)
	at org.apache.tomcat.util.threads.ThreadPoolExecutor$Worker.run(ThreadPoolExecutor.java:659)
	at org.apache.tomcat.util.threads.TaskThread$WrappingRunnable.run(TaskThread.java:63)
	at java.base/java.lang.Thread.run(Thread.java:840)
[2024-12-27 16:00:40 INFO background-preinit] [org.hibernate.validator.internal.util.Version] HV000001: Hibernate Validator 8.0.1.Final
[2024-12-27 16:00:40 INFO main] [com.green.firstproject.FirstProjectApplication] Starting FirstProjectApplication using Java 17.0.12 with PID 11192 (D:\LJM\FirstProject\build\classes\java\main started by Administrator in D:\LJM\FirstProject)
[2024-12-27 16:00:40 DEBUGmain] [com.green.firstproject.FirstProjectApplication] Running with Spring Boot v3.3.6, Spring v6.1.15
[2024-12-27 16:00:40 INFO main] [com.green.firstproject.FirstProjectApplication] No active profile set, falling back to 1 default profile: "default"
[2024-12-27 16:00:41 INFO main] [org.springframework.boot.web.embedded.tomcat.TomcatWebServer] Tomcat initialized with port 8080 (http)
[2024-12-27 16:00:41 INFO main] [org.springframework.boot.web.servlet.context.ServletWebServerApplicationContext] Root WebApplicationContext: initialization completed in 751 ms
[2024-12-27 16:00:41 INFO main] [com.green.firstproject.common.exception.MyFileUtils] MyFileUtils - 생성자: D:/2024-02/download/FirstProject
[2024-12-27 16:00:42 INFO main] [org.springframework.boot.web.embedded.tomcat.TomcatWebServer] Tomcat started on port 8080 (http) with context path '/'
[2024-12-27 16:00:42 INFO main] [com.green.firstproject.FirstProjectApplication] Started FirstProjectApplication in 1.648 seconds (process running for 1.957)
[2024-12-27 16:00:47 INFO http-nio-8080-exec-1] [org.springframework.web.servlet.DispatcherServlet] Initializing Servlet 'dispatcherServlet'
[2024-12-27 16:00:47 INFO http-nio-8080-exec-1] [org.springframework.web.servlet.DispatcherServlet] Completed initialization in 1 ms
[2024-12-27 16:00:47 INFO http-nio-8080-exec-1] [com.zaxxer.hikari.HikariDataSource] HikariPool-1 - Starting...
[2024-12-27 16:00:47 INFO http-nio-8080-exec-1] [com.zaxxer.hikari.pool.HikariPool] HikariPool-1 - Added connection net.sf.log4jdbc.sql.jdbcapi.ConnectionSpy@31ddcced
[2024-12-27 16:00:47 INFO http-nio-8080-exec-1] [com.zaxxer.hikari.HikariDataSource] HikariPool-1 - Start completed.
[2024-12-27 16:00:47 DEBUGhttp-nio-8080-exec-1] [com.green.firstproject.user.UserMapper.findUserByEmail] ==>  Preparing: SELECT * FROM user WHERE email = ?
[2024-12-27 16:00:47 DEBUGhttp-nio-8080-exec-1] [com.green.firstproject.user.UserMapper.findUserByEmail] ==> Parameters: mi0426@naver.com(String)
[2024-12-27 16:00:47 DEBUGhttp-nio-8080-exec-1] [jdbc.sqltiming]  com.zaxxer.hikari.pool.ProxyPreparedStatement.execute(ProxyPreparedStatement.java:44)
1. SELECT *
        FROM user
        WHERE email = 'mi0426@naver.com'
 {executed in 1 msec}
[2024-12-27 16:00:47 INFO http-nio-8080-exec-1] [jdbc.resultsettable] 
|--------|---------|---------|------|------------|------------|-----------|-----------|---------------|--------|
|user_no |password |nickname |email |profile_pic |first_login |created_at |updated_at |status_message |user_id |
|--------|---------|---------|------|------------|------------|-----------|-----------|---------------|--------|
|--------|---------|---------|------|------------|------------|-----------|-----------|---------------|--------|

[2024-12-27 16:00:47 DEBUGhttp-nio-8080-exec-1] [com.green.firstproject.user.UserMapper.findUserByEmail] <==      Total: 0
[2024-12-27 16:01:11 DEBUGhttp-nio-8080-exec-4] [com.green.firstproject.user.UserMapper.findUserByEmail] ==>  Preparing: SELECT * FROM user WHERE email = ?
[2024-12-27 16:01:11 DEBUGhttp-nio-8080-exec-4] [com.green.firstproject.user.UserMapper.findUserByEmail] ==> Parameters: minmin0426@naver.com(String)
[2024-12-27 16:01:11 DEBUGhttp-nio-8080-exec-4] [jdbc.sqltiming]  com.zaxxer.hikari.pool.ProxyPreparedStatement.execute(ProxyPreparedStatement.java:44)
1. SELECT *
        FROM user
        WHERE email = 'minmin0426@naver.com'
 {executed in 0 msec}
[2024-12-27 16:01:11 INFO http-nio-8080-exec-4] [jdbc.resultsettable] 
|--------|-------------------------------------------------------------|-------------|---------------------|------------|------------|----------------------|-----------|---------------|--------|
|user_no |password                                                     |nickname     |email                |profile_pic |first_login |created_at            |updated_at |status_message |user_id |
|--------|-------------------------------------------------------------|-------------|---------------------|------------|------------|----------------------|-----------|---------------|--------|
|19      |$2a$10$65lvFu4Ao0YzIpau1/0CYuVOwY6c/pQqwMG3.kgZihe2s91KF/.GK |사랑스러운펭귄#8517 |minmin0426@naver.com |null        |0           |2024-12-27 13:50:25.0 |[null]     |[null]         |쩡미니미니   |
|--------|-------------------------------------------------------------|-------------|---------------------|------------|------------|----------------------|-----------|---------------|--------|

[2024-12-27 16:01:11 DEBUGhttp-nio-8080-exec-4] [com.green.firstproject.user.UserMapper.findUserByEmail] <==      Total: 1
[2024-12-27 16:01:39 DEBUGhttp-nio-8080-exec-7] [com.green.firstproject.user.UserMapper.findUserByEmail] ==>  Preparing: SELECT * FROM user WHERE email = ?
[2024-12-27 16:01:39 DEBUGhttp-nio-8080-exec-7] [com.green.firstproject.user.UserMapper.findUserByEmail] ==> Parameters: minmin0426@naver.com(String)
[2024-12-27 16:01:39 DEBUGhttp-nio-8080-exec-7] [jdbc.sqltiming]  com.zaxxer.hikari.pool.ProxyPreparedStatement.execute(ProxyPreparedStatement.java:44)
1. SELECT *
        FROM user
        WHERE email = 'minmin0426@naver.com'
 {executed in 0 msec}
[2024-12-27 16:01:39 INFO http-nio-8080-exec-7] [jdbc.resultsettable] 
|--------|-------------------------------------------------------------|-------------|---------------------|------------|------------|----------------------|-----------|---------------|--------|
|user_no |password                                                     |nickname     |email                |profile_pic |first_login |created_at            |updated_at |status_message |user_id |
|--------|-------------------------------------------------------------|-------------|---------------------|------------|------------|----------------------|-----------|---------------|--------|
|19      |$2a$10$65lvFu4Ao0YzIpau1/0CYuVOwY6c/pQqwMG3.kgZihe2s91KF/.GK |사랑스러운펭귄#8517 |minmin0426@naver.com |null        |0           |2024-12-27 13:50:25.0 |[null]     |[null]         |쩡미니미니   |
|--------|-------------------------------------------------------------|-------------|---------------------|------------|------------|----------------------|-----------|---------------|--------|

[2024-12-27 16:01:39 DEBUGhttp-nio-8080-exec-7] [com.green.firstproject.user.UserMapper.findUserByEmail] <==      Total: 1
[2024-12-27 16:01:47 DEBUGhttp-nio-8080-exec-10] [com.green.firstproject.user.UserMapper.findUserByEmail] ==>  Preparing: SELECT * FROM user WHERE email = ?
[2024-12-27 16:01:47 DEBUGhttp-nio-8080-exec-10] [com.green.firstproject.user.UserMapper.findUserByEmail] ==> Parameters: minmin0426@naver.com(String)
[2024-12-27 16:01:47 DEBUGhttp-nio-8080-exec-10] [jdbc.sqltiming]  com.zaxxer.hikari.pool.ProxyPreparedStatement.execute(ProxyPreparedStatement.java:44)
1. SELECT *
        FROM user
        WHERE email = 'minmin0426@naver.com'
 {executed in 0 msec}
[2024-12-27 16:01:47 INFO http-nio-8080-exec-10] [jdbc.resultsettable] 
|--------|-------------------------------------------------------------|-------------|---------------------|------------|------------|----------------------|-----------|---------------|--------|
|user_no |password                                                     |nickname     |email                |profile_pic |first_login |created_at            |updated_at |status_message |user_id |
|--------|-------------------------------------------------------------|-------------|---------------------|------------|------------|----------------------|-----------|---------------|--------|
|19      |$2a$10$65lvFu4Ao0YzIpau1/0CYuVOwY6c/pQqwMG3.kgZihe2s91KF/.GK |사랑스러운펭귄#8517 |minmin0426@naver.com |null        |0           |2024-12-27 13:50:25.0 |[null]     |[null]         |쩡미니미니   |
|--------|-------------------------------------------------------------|-------------|---------------------|------------|------------|----------------------|-----------|---------------|--------|

[2024-12-27 16:01:47 DEBUGhttp-nio-8080-exec-10] [com.green.firstproject.user.UserMapper.findUserByEmail] <==      Total: 1
[2024-12-27 16:01:47 DEBUGhttp-nio-8080-exec-10] [com.green.firstproject.user.UserMapper.updatePassword] ==>  Preparing: UPDATE user SET password = ? WHERE email = ?
[2024-12-27 16:01:47 DEBUGhttp-nio-8080-exec-10] [com.green.firstproject.user.UserMapper.updatePassword] ==> Parameters: $2a$10$TXvJ3iF90Ivnap5SyNTTaeaUmg6HCnw1kNnByvN/gWWnGwZo6s78G(String), minmin0426@naver.com(String)
[2024-12-27 16:01:47 DEBUGhttp-nio-8080-exec-10] [jdbc.sqltiming]  com.zaxxer.hikari.pool.ProxyPreparedStatement.execute(ProxyPreparedStatement.java:44)
1. UPDATE user
        SET password = '$2a$10$TXvJ3iF90Ivnap5SyNTTaeaUmg6HCnw1kNnByvN/gWWnGwZo6s78G'
        WHERE email = 'minmin0426@naver.com'
 {executed in 1 msec}
[2024-12-27 16:01:47 DEBUGhttp-nio-8080-exec-10] [com.green.firstproject.user.UserMapper.updatePassword] <==    Updates: 1
